<?xml version="1.0" encoding="UTF-8"?>
<!-- Generated by org.testng.reporters.JUnitXMLReporter -->
<testsuite hostname="PREDATOR300" ignored="0" name="oneTest" tests="6" failures="0" timestamp="23 May 2018 18:58:05 GMT" time="0.036" errors="0">
  <testcase name="CarLoan" time="0.005" classname="TestNG.loanCases"/>
  <testcase name="CarLoanSignUp" time="0.001" classname="TestNG.loanCases"/>
  <testcase name="EduLoan" time="0.001" classname="TestNG.loanCases"/>
  <testcase name="EduLoanSignUp" time="0.001" classname="TestNG.loanCases"/>
  <testcase name="HomeLoan" time="0.001" classname="TestNG.loanCases"/>
  <testcase name="HomeLoanSignUp" time="0.001" classname="TestNG.loanCases"/>
</testsuite> <!-- oneTest -->
