<?xml version="1.0" encoding="UTF-8"?>
<!-- Generated by org.testng.reporters.JUnitXMLReporter -->
<testsuite hostname="PREDATOR300" ignored="0" name="TestTwo" tests="6" failures="0" timestamp="22 May 2018 20:39:30 GMT" time="0.01" errors="0">
  <testcase name="CarLoan" time="0.001" classname="TestNG.loanCases"/>
  <testcase name="EduLoan" time="0.001" classname="TestNG.loanCases"/>
  <testcase name="HomeLoan" time="0.0" classname="TestNG.loanCases"/>
  <testcase name="CarLoanSignUp" time="0.001" classname="TestNG.loanSignUp"/>
  <testcase name="EduLoanSignUp" time="0.001" classname="TestNG.loanSignUp"/>
  <testcase name="HomeLoanSignUp" time="0.0" classname="TestNG.loanSignUp"/>
</testsuite> <!-- TestTwo -->
