<?xml version="1.0" encoding="UTF-8"?>
<testng-results skipped="0" failed="0" ignored="0" total="2" passed="2">
  <reporter-output>
  </reporter-output>
  <suite name="Default suite" duration-ms="21650" started-at="2018-05-31T15:56:30Z" finished-at="2018-05-31T15:56:52Z">
    <groups>
    </groups>
    <test name="Default test" duration-ms="21650" started-at="2018-05-31T15:56:30Z" finished-at="2018-05-31T15:56:52Z">
      <class name="SampleTest.redBus">
        <test-method status="PASS" signature="openRedbus()[pri:0, instance:SampleTest.redBus@307f6b8c]" name="openRedbus" duration-ms="15485" started-at="2018-05-31T15:56:30Z" finished-at="2018-05-31T15:56:46Z">
          <reporter-output>
          </reporter-output>
        </test-method> <!-- openRedbus -->
        <test-method status="PASS" signature="manageBooking()[pri:0, instance:SampleTest.redBus@307f6b8c]" name="manageBooking" duration-ms="6147" started-at="2018-05-31T15:56:46Z" depends-on-methods="SampleTest.redBus.openRedbus" finished-at="2018-05-31T15:56:52Z">
          <reporter-output>
          </reporter-output>
        </test-method> <!-- manageBooking -->
      </class> <!-- SampleTest.redBus -->
    </test> <!-- Default test -->
  </suite> <!-- Default suite -->
</testng-results>
